[2022-09-30 14:33:01,738] [autoreload.py:613] [autoreload:run_with_reloader] [INFO]- Watching for file changes with StatReloader
[2022-09-30 14:37:25,985] [basehttp.py:157] [basehttp:log_message] [INFO]- "POST /file_upload?Authorization=ebc74c68-c620-4457-841b-da52ee2fa78a HTTP/1.1" 200 55
[2022-09-30 14:37:44,246] [basehttp.py:157] [basehttp:log_message] [INFO]- "POST /file_upload HTTP/1.1" 200 48
[2022-09-30 15:13:49,206] [autoreload.py:613] [autoreload:run_with_reloader] [INFO]- Watching for file changes with StatReloader
[2022-09-30 15:13:52,398] [basehttp.py:157] [basehttp:log_message] [INFO]- "POST /file_upload HTTP/1.1" 200 133
[2022-09-30 15:16:56,911] [autoreload.py:236] [autoreload:trigger_reload] [INFO]- /Users/dengqian/PycharmProjects/nuwa/nuwa/views.py changed, reloading.
[2022-09-30 15:16:58,137] [autoreload.py:613] [autoreload:run_with_reloader] [INFO]- Watching for file changes with StatReloader
[2022-09-30 15:17:20,649] [autoreload.py:236] [autoreload:trigger_reload] [INFO]- /Users/dengqian/PycharmProjects/nuwa/nuwa/views.py changed, reloading.
[2022-09-30 15:17:21,662] [autoreload.py:613] [autoreload:run_with_reloader] [INFO]- Watching for file changes with StatReloader
[2022-09-30 15:17:29,924] [autoreload.py:236] [autoreload:trigger_reload] [INFO]- /Users/dengqian/PycharmProjects/nuwa/nuwa/views.py changed, reloading.
[2022-09-30 15:17:31,391] [autoreload.py:613] [autoreload:run_with_reloader] [INFO]- Watching for file changes with StatReloader
[2022-09-30 15:17:32,590] [autoreload.py:236] [autoreload:trigger_reload] [INFO]- /Users/dengqian/PycharmProjects/nuwa/nuwa/views.py changed, reloading.
[2022-09-30 15:17:33,181] [autoreload.py:613] [autoreload:run_with_reloader] [INFO]- Watching for file changes with StatReloader
[2022-09-30 15:30:34,289] [autoreload.py:613] [autoreload:run_with_reloader] [INFO]- Watching for file changes with StatReloader
[2022-09-30 15:30:35,996] [log.py:230] [log:log_response] [WARNING]- Not Found: /file_download
[2022-09-30 15:30:35,996] [basehttp.py:157] [basehttp:log_message] [WARNING]- "POST /file_download HTTP/1.1" 404 2191
[2022-09-30 15:30:52,425] [log.py:230] [log:log_response] [WARNING]- Not Found: /file_download
[2022-09-30 15:30:52,426] [basehttp.py:157] [basehttp:log_message] [WARNING]- "POST /file_download HTTP/1.1" 404 2191
[2022-09-30 15:31:09,651] [autoreload.py:613] [autoreload:run_with_reloader] [INFO]- Watching for file changes with StatReloader
[2022-09-30 15:31:12,841] [log.py:230] [log:log_response] [WARNING]- Not Found: /file_download
[2022-09-30 15:31:12,842] [basehttp.py:157] [basehttp:log_message] [WARNING]- "POST /file_download HTTP/1.1" 404 2191
[2022-09-30 15:33:10,818] [autoreload.py:613] [autoreload:run_with_reloader] [INFO]- Watching for file changes with StatReloader
[2022-09-30 15:33:13,638] [log.py:230] [log:log_response] [WARNING]- Not Found: /file_download
[2022-09-30 15:33:13,639] [basehttp.py:157] [basehttp:log_message] [WARNING]- "POST /file_download HTTP/1.1" 404 2191
[2022-09-30 15:33:19,619] [views.py:50] [views:handle_uploaded_file] [INFO]- /Users/dengqian/PycharmProjects/nuwa/static/upload - upload success
[2022-09-30 15:33:19,662] [basehttp.py:157] [basehttp:log_message] [INFO]- "POST /file_upload HTTP/1.1" 200 133
[2022-09-30 15:34:44,278] [autoreload.py:613] [autoreload:run_with_reloader] [INFO]- Watching for file changes with StatReloader
[2022-09-30 15:34:56,609] [log.py:230] [log:log_response] [WARNING]- Not Found: /file_download
[2022-09-30 15:34:56,610] [basehttp.py:157] [basehttp:log_message] [WARNING]- "POST /file_download HTTP/1.1" 404 2191
[2022-09-30 15:35:24,073] [autoreload.py:236] [autoreload:trigger_reload] [INFO]- /Users/dengqian/PycharmProjects/nuwa/nuwa/urls.py changed, reloading.
[2022-09-30 15:35:25,102] [autoreload.py:613] [autoreload:run_with_reloader] [INFO]- Watching for file changes with StatReloader
[2022-09-30 15:35:33,394] [autoreload.py:236] [autoreload:trigger_reload] [INFO]- /Users/dengqian/PycharmProjects/nuwa/nuwa/urls.py changed, reloading.
[2022-09-30 15:35:34,081] [autoreload.py:613] [autoreload:run_with_reloader] [INFO]- Watching for file changes with StatReloader
[2022-09-30 15:35:38,450] [basehttp.py:157] [basehttp:log_message] [INFO]- "POST /file_download HTTP/1.1" 200 33397
[2022-09-30 15:35:47,590] [autoreload.py:236] [autoreload:trigger_reload] [INFO]- /Users/dengqian/PycharmProjects/nuwa/nuwa/views.py changed, reloading.
[2022-09-30 15:35:49,011] [autoreload.py:613] [autoreload:run_with_reloader] [INFO]- Watching for file changes with StatReloader
[2022-09-30 15:54:43,707] [autoreload.py:613] [autoreload:run_with_reloader] [INFO]- Watching for file changes with StatReloader
[2022-09-30 15:54:46,213] [basehttp.py:157] [basehttp:log_message] [INFO]- "POST /get_process HTTP/1.1" 200 85
[2022-09-30 15:55:58,206] [autoreload.py:613] [autoreload:run_with_reloader] [INFO]- Watching for file changes with StatReloader
[2022-09-30 15:56:47,416] [basehttp.py:157] [basehttp:log_message] [INFO]- "POST /get_process HTTP/1.1" 200 85
[2022-09-30 16:00:27,931] [basehttp.py:157] [basehttp:log_message] [INFO]- "POST / HTTP/1.1" 200 48
[2022-09-30 16:32:53,400] [autoreload.py:613] [autoreload:run_with_reloader] [INFO]- Watching for file changes with StatReloader
[2022-09-30 16:32:58,137] [autoreload.py:613] [autoreload:run_with_reloader] [INFO]- Watching for file changes with StatReloader
[2022-09-30 16:38:24,840] [autoreload.py:613] [autoreload:run_with_reloader] [INFO]- Watching for file changes with StatReloader
[2022-09-30 16:38:29,047] [autoreload.py:236] [autoreload:trigger_reload] [INFO]- /Users/dengqian/PycharmProjects/nuwa/nuwa/views.py changed, reloading.
[2022-09-30 16:38:32,033] [autoreload.py:613] [autoreload:run_with_reloader] [INFO]- Watching for file changes with StatReloader
[2022-09-30 16:40:12,860] [autoreload.py:236] [autoreload:trigger_reload] [INFO]- /Users/dengqian/PycharmProjects/nuwa/nuwa/views.py changed, reloading.
[2022-09-30 16:40:16,694] [autoreload.py:613] [autoreload:run_with_reloader] [INFO]- Watching for file changes with StatReloader
[2022-09-30 16:40:48,416] [autoreload.py:613] [autoreload:run_with_reloader] [INFO]- Watching for file changes with StatReloader
[2022-09-30 16:44:47,781] [autoreload.py:613] [autoreload:run_with_reloader] [INFO]- Watching for file changes with StatReloader
[2022-09-30 16:45:17,571] [autoreload.py:236] [autoreload:trigger_reload] [INFO]- /Users/dengqian/PycharmProjects/nuwa/nuwa/views.py changed, reloading.
[2022-09-30 16:45:21,150] [autoreload.py:613] [autoreload:run_with_reloader] [INFO]- Watching for file changes with StatReloader
[2022-09-30 16:45:38,888] [autoreload.py:613] [autoreload:run_with_reloader] [INFO]- Watching for file changes with StatReloader
[2022-09-30 16:48:15,013] [views.py:265] [views:do_algorithm] [ERROR]- [d9dc4591860f94430565cbc9bc1a6a9a]:__init__() missing 1 required positional argument: 'core_prarm' line_no 225
[2022-09-30 16:48:15,016] [basehttp.py:157] [basehttp:log_message] [INFO]- "POST /do_algorithm HTTP/1.1" 200 66
[2022-09-30 16:48:52,064] [autoreload.py:613] [autoreload:run_with_reloader] [INFO]- Watching for file changes with StatReloader
[2022-09-30 16:48:56,905] [systen_unit.py:36] [systen_unit:download_file] [ERROR]- [4a255cde31970cc343f4d95e71e0e00e] HTTPConnectionPool(host='127.0.0.1', port=12013): Max retries exceeded with url: /static/upload/ae25a947-0332-4745-ac54-cd17f6f6bd50.csv (Caused by NewConnectionError('<urllib3.connection.HTTPConnection object at 0x7fbac417f668>: Failed to establish a new connection: [Errno 61] Connection refused',))
[2022-09-30 16:48:56,905] [views.py:247] [views:do_algorithm] [ERROR]- [4a255cde31970cc343f4d95e71e0e00e]:没有告警文件下载url，或者告警文件url不合法，下载地址为http://127.0.0.1:12013/static/upload/ae25a947-0332-4745-ac54-cd17f6f6bd50.csv
[2022-09-30 16:48:56,907] [basehttp.py:157] [basehttp:log_message] [INFO]- "POST /do_algorithm HTTP/1.1" 200 81
[2022-09-30 16:49:22,647] [autoreload.py:613] [autoreload:run_with_reloader] [INFO]- Watching for file changes with StatReloader
[2022-09-30 16:49:25,930] [basehttp.py:157] [basehttp:log_message] [WARNING]- "GET /static/upload/ae25a947-0332-4745-ac54-cd17f6f6bd50.csv HTTP/1.1" 404 1768
[2022-09-30 16:49:25,931] [views.py:247] [views:do_algorithm] [ERROR]- [0e4208dfa8840499870db6f3df217c52]:没有告警文件下载url，或者告警文件url不合法，下载地址为http://127.0.0.1:12888/static/upload/ae25a947-0332-4745-ac54-cd17f6f6bd50.csv
[2022-09-30 16:49:25,932] [basehttp.py:157] [basehttp:log_message] [INFO]- "POST /do_algorithm HTTP/1.1" 200 81
[2022-09-30 16:50:19,951] [basehttp.py:157] [basehttp:log_message] [WARNING]- "GET /static/upload/ae25a947-0332-4745-ac54-cd17f6f6bd50.csv HTTP/1.1" 404 1768
[2022-09-30 16:50:20,203] [log.py:230] [log:log_response] [WARNING]- Not Found: /favicon.ico
[2022-09-30 16:50:20,204] [basehttp.py:157] [basehttp:log_message] [WARNING]- "GET /favicon.ico HTTP/1.1" 404 2412
[2022-09-30 16:50:28,500] [log.py:230] [log:log_response] [WARNING]- Not Found: /upload/ae25a947-0332-4745-ac54-cd17f6f6bd50.csv
[2022-09-30 16:50:28,501] [basehttp.py:157] [basehttp:log_message] [WARNING]- "GET /upload/ae25a947-0332-4745-ac54-cd17f6f6bd50.csv HTTP/1.1" 404 2520
[2022-09-30 16:51:07,791] [log.py:230] [log:log_response] [WARNING]- Not Found: /nuwa/static/upload/ae25a947-0332-4745-ac54-cd17f6f6bd50.csv
[2022-09-30 16:51:07,791] [basehttp.py:157] [basehttp:log_message] [WARNING]- "GET /nuwa/static/upload/ae25a947-0332-4745-ac54-cd17f6f6bd50.csv HTTP/1.1" 404 2556
[2022-09-30 16:51:13,352] [log.py:230] [log:log_response] [WARNING]- Not Found: /nuwa/static/upload/ae25a947-0332-4745-ac54-cd17f6f6bd50.csv
[2022-09-30 16:51:13,352] [basehttp.py:157] [basehttp:log_message] [WARNING]- "GET /nuwa/static/upload/ae25a947-0332-4745-ac54-cd17f6f6bd50.csv HTTP/1.1" 404 2556
[2022-09-30 16:51:17,158] [basehttp.py:157] [basehttp:log_message] [WARNING]- "GET /static/upload/ae25a947-0332-4745-ac54-cd17f6f6bd50.csv HTTP/1.1" 404 1768
[2022-09-30 16:54:22,648] [autoreload.py:613] [autoreload:run_with_reloader] [INFO]- Watching for file changes with StatReloader
[2022-09-30 16:54:26,379] [basehttp.py:157] [basehttp:log_message] [WARNING]- "GET /static/upload/ae25a947-0332-4745-ac54-cd17f6f6bd50.csv HTTP/1.1" 404 1768
[2022-09-30 16:54:27,650] [basehttp.py:157] [basehttp:log_message] [WARNING]- "GET /static/upload/ae25a947-0332-4745-ac54-cd17f6f6bd50.csv HTTP/1.1" 404 1768
[2022-09-30 16:58:45,788] [autoreload.py:613] [autoreload:run_with_reloader] [INFO]- Watching for file changes with StatReloader
[2022-09-30 16:59:58,326] [autoreload.py:236] [autoreload:trigger_reload] [INFO]- /Users/dengqian/PycharmProjects/nuwa/nuwa/settings.py changed, reloading.
[2022-09-30 16:59:59,571] [autoreload.py:613] [autoreload:run_with_reloader] [INFO]- Watching for file changes with StatReloader
[2022-09-30 17:00:15,553] [autoreload.py:613] [autoreload:run_with_reloader] [INFO]- Watching for file changes with StatReloader
[2022-09-30 17:01:24,000] [autoreload.py:613] [autoreload:run_with_reloader] [INFO]- Watching for file changes with StatReloader
[2022-09-30 17:01:28,383] [basehttp.py:157] [basehttp:log_message] [INFO]- "GET /static/upload/ae25a947-0332-4745-ac54-cd17f6f6bd50.csv HTTP/1.1" 200 10475100
[2022-09-30 17:05:00,937] [basehttp.py:157] [basehttp:log_message] [INFO]- "GET /static/upload/ae25a947-0332-4745-ac54-cd17f6f6bd50.csv HTTP/1.1" 304 0
[2022-09-30 17:40:56,009] [basehttp.py:157] [basehttp:log_message] [INFO]- "GET /static/upload/ae25a947-0332-4745-ac54-cd17f6f6bd50.csv HTTP/1.1" 304 0
[2022-09-30 18:49:28,871] [basehttp.py:157] [basehttp:log_message] [INFO]- "GET /static/upload/ae25a947-0332-4745-ac54-cd17f6f6bd50.csv HTTP/1.1" 304 0
[2022-09-30 20:06:18,467] [basehttp.py:157] [basehttp:log_message] [INFO]- "GET /static/upload/ae25a947-0332-4745-ac54-cd17f6f6bd50.csv HTTP/1.1" 304 0
[2022-09-30 23:14:10,581] [basehttp.py:157] [basehttp:log_message] [INFO]- "GET /static/upload/ae25a947-0332-4745-ac54-cd17f6f6bd50.csv HTTP/1.1" 304 0
